<?xml version="1.0" encoding="UTF-8"?>
<!-- Generated by org.testng.reporters.JUnitXMLReporter -->
<testsuite hostname="M3104876" ignored="0" name="Default test" tests="2" failures="0" timestamp="26 Jan 2021 04:04:55 GMT" time="14.566" errors="0">
  <testcase name="LoginTestFunction" time="0.864" classname="com.learnautomation.testcases.LoginTestCases"/>
  <testcase name="testLoggerFunctionality" time="0.01" classname="com.learnautomation.testcases.LoginTestCases"/>
</testsuite> <!-- Default test -->
